# JRE version: OpenJDK Runtime Environment (11.0.12+7) (build 11.0.12+7-b1504.28-7817840)
# Java VM: OpenJDK 64-Bit Server VM (11.0.12+7-b1504.28-7817840, mixed mode, tiered, compressed oops, g1 gc, windows-amd64)
Heap:
 garbage-first heap   total 448512K, used 275098K [0x0000000080000000, 0x0000000100000000)
  region size 1024K, 10 young (10240K), 1 survivors (1024K)
 Metaspace       used 134576K, capacity 137908K, committed 138188K, reserved 1169408K
  class space    used 16602K, capacity 17817K, committed 17868K, reserved 1048576K
GC Heap History (20 events):
Event: 6109.949 GC heap before
{Heap before GC invocations=82 (full 0):
 garbage-first heap   total 270336K, used 225280K [0x0000000080000000, 0x0000000100000000)
  region size 1024K, 22 young (22528K), 5 survivors (5120K)
 Metaspace       used 129717K, capacity 132660K, committed 132812K, reserved 1165312K
  class space    used 16009K, capacity 17086K, committed 17100K, reserved 1048576K
}
Event: 6109.971 GC heap after
{Heap after GC invocations=83 (full 0):
 garbage-first heap   total 270336K, used 218112K [0x0000000080000000, 0x0000000100000000)
  region size 1024K, 3 young (3072K), 3 survivors (3072K)
 Metaspace       used 129717K, capacity 132660K, committed 132812K, reserved 1165312K
  class space    used 16009K, capacity 17086K, committed 17100K, reserved 1048576K
}
Event: 6110.037 GC heap before
{Heap before GC invocations=83 (full 0):
 garbage-first heap   total 270336K, used 228352K [0x0000000080000000, 0x0000000100000000)
  region size 1024K, 14 young (14336K), 3 survivors (3072K)
 Metaspace       used 129718K, capacity 132660K, committed 132812K, reserved 1165312K
  class space    used 16009K, capacity 17086K, committed 17100K, reserved 1048576K
}
Event: 6110.056 GC heap after
{Heap after GC invocations=84 (full 0):
 garbage-first heap   total 376832K, used 224768K [0x0000000080000000, 0x0000000100000000)
  region size 1024K, 2 young (2048K), 2 survivors (2048K)
 Metaspace       used 129718K, capacity 132660K, committed 132812K, reserved 1165312K
  class space    used 16009K, capacity 17086K, committed 17100K, reserved 1048576K
}
Event: 6111.480 GC heap before
{Heap before GC invocations=85 (full 0):
 garbage-first heap   total 376832K, used 275968K [0x0000000080000000, 0x0000000100000000)
  region size 1024K, 52 young (53248K), 2 survivors (2048K)
 Metaspace       used 132536K, capacity 135674K, committed 135884K, reserved 1167360K
  class space    used 16405K, capacity 17571K, committed 17612K, reserved 1048576K
}
Event: 6111.517 GC heap after
{Heap after GC invocations=86 (full 0):
 garbage-first heap   total 376832K, used 235520K [0x0000000080000000, 0x0000000100000000)
  region size 1024K, 7 young (7168K), 7 survivors (7168K)
 Metaspace       used 132536K, capacity 135674K, committed 135884K, reserved 1167360K
  class space    used 16405K, capacity 17571K, committed 17612K, reserved 1048576K
}
Event: 6112.375 GC heap before
{Heap before GC invocations=86 (full 0):
 garbage-first heap   total 376832K, used 280576K [0x0000000080000000, 0x0000000100000000)
  region size 1024K, 53 young (54272K), 7 survivors (7168K)
 Metaspace       used 133127K, capacity 136340K, committed 136524K, reserved 1167360K
  class space    used 16472K, capacity 17656K, committed 17740K, reserved 1048576K
}
Event: 6112.405 GC heap after
{Heap after GC invocations=87 (full 0):
 garbage-first heap   total 376832K, used 241023K [0x0000000080000000, 0x0000000100000000)
  region size 1024K, 5 young (5120K), 5 survivors (5120K)
 Metaspace       used 133127K, capacity 136340K, committed 136524K, reserved 1167360K
  class space    used 16472K, capacity 17656K, committed 17740K, reserved 1048576K
}
Event: 6114.977 GC heap before
{Heap before GC invocations=88 (full 0):
 garbage-first heap   total 376832K, used 293247K [0x0000000080000000, 0x0000000100000000)
  region size 1024K, 54 young (55296K), 5 survivors (5120K)
 Metaspace       used 133494K, capacity 136691K, committed 136780K, reserved 1169408K
  class space    used 16505K, capacity 17704K, committed 17740K, reserved 1048576K
}
Event: 6115.019 GC heap after
{Heap after GC invocations=89 (full 0):
 garbage-first heap   total 376832K, used 247079K [0x0000000080000000, 0x0000000100000000)
  region size 1024K, 5 young (5120K), 5 survivors (5120K)
 Metaspace       used 133494K, capacity 136691K, committed 136780K, reserved 1169408K
  class space    used 16505K, capacity 17704K, committed 17740K, reserved 1048576K
}
Event: 6115.200 GC heap before
{Heap before GC invocations=89 (full 0):
 garbage-first heap   total 376832K, used 259367K [0x0000000080000000, 0x0000000100000000)
  region size 1024K, 18 young (18432K), 5 survivors (5120K)
 Metaspace       used 133557K, capacity 136771K, committed 137036K, reserved 1169408K
  class space    used 16512K, capacity 17709K, committed 17740K, reserved 1048576K
}
Event: 6115.227 GC heap after
{Heap after GC invocations=90 (full 0):
 garbage-first heap   total 376832K, used 241360K [0x0000000080000000, 0x0000000100000000)
  region size 1024K, 3 young (3072K), 3 survivors (3072K)
 Metaspace       used 133557K, capacity 136771K, committed 137036K, reserved 1169408K
  class space    used 16512K, capacity 17709K, committed 17740K, reserved 1048576K
}
Event: 6115.404 GC heap before
{Heap before GC invocations=90 (full 0):
 garbage-first heap   total 376832K, used 257744K [0x0000000080000000, 0x0000000100000000)
  region size 1024K, 18 young (18432K), 3 survivors (3072K)
 Metaspace       used 133578K, capacity 136771K, committed 137036K, reserved 1169408K
  class space    used 16513K, capacity 17709K, committed 17740K, reserved 1048576K
}
Event: 6115.438 GC heap after
{Heap after GC invocations=91 (full 0):
 garbage-first heap   total 448512K, used 240018K [0x0000000080000000, 0x0000000100000000)
  region size 1024K, 3 young (3072K), 3 survivors (3072K)
 Metaspace       used 133578K, capacity 136771K, committed 137036K, reserved 1169408K
  class space    used 16513K, capacity 17709K, committed 17740K, reserved 1048576K
}
Event: 6115.510 GC heap before
{Heap before GC invocations=91 (full 0):
 garbage-first heap   total 448512K, used 243090K [0x0000000080000000, 0x0000000100000000)
  region size 1024K, 8 young (8192K), 3 survivors (3072K)
 Metaspace       used 133631K, capacity 136844K, committed 137036K, reserved 1169408K
  class space    used 16523K, capacity 17711K, committed 17740K, reserved 1048576K
}
Event: 6115.529 GC heap after
{Heap after GC invocations=92 (full 0):
 garbage-first heap   total 448512K, used 242009K [0x0000000080000000, 0x0000000100000000)
  region size 1024K, 5 young (5120K), 5 survivors (5120K)
 Metaspace       used 133631K, capacity 136844K, committed 137036K, reserved 1169408K
  class space    used 16523K, capacity 17711K, committed 17740K, reserved 1048576K
}
Event: 6116.577 GC heap before
{Heap before GC invocations=93 (full 0):
 garbage-first heap   total 448512K, used 321881K [0x0000000080000000, 0x0000000100000000)
  region size 1024K, 70 young (71680K), 5 survivors (5120K)
 Metaspace       used 133781K, capacity 137002K, committed 137164K, reserved 1169408K
  class space    used 16526K, capacity 17740K, committed 17868K, reserved 1048576K
}
Event: 6116.602 GC heap after
{Heap after GC invocations=94 (full 0):
 garbage-first heap   total 448512K, used 264500K [0x0000000080000000, 0x0000000100000000)
  region size 1024K, 9 young (9216K), 9 survivors (9216K)
 Metaspace       used 133781K, capacity 137002K, committed 137164K, reserved 1169408K
  class space    used 16526K, capacity 17740K, committed 17868K, reserved 1048576K
}
Event: 6117.396 GC heap before
{Heap before GC invocations=94 (full 0):
 garbage-first heap   total 448512K, used 329012K [0x0000000080000000, 0x0000000100000000)
  region size 1024K, 72 young (73728K), 9 survivors (9216K)
 Metaspace       used 134176K, capacity 137379K, committed 137676K, reserved 1169408K
  class space    used 16553K, capacity 17755K, committed 17868K, reserved 1048576K
}
Event: 6117.411 GC heap after
{Heap after GC invocations=95 (full 0):
 garbage-first heap   total 448512K, used 266225K [0x0000000080000000, 0x0000000100000000)
  region size 1024K, 2 young (2048K), 2 survivors (2048K)
 Metaspace       used 134176K, capacity 137379K, committed 137676K, reserved 1169408K
  class space    used 16553K, capacity 17755K, committed 17868K, reserved 1048576K
}

